<?xml version="1.0" encoding="UTF-8"?>
<testng-results ignored="0" total="1" passed="1" failed="0" skipped="0">
  <reporter-output>
  </reporter-output>
  <suite started-at="2020-03-31T18:06:13 PST" name="Default suite" finished-at="2020-03-31T18:06:16 PST" duration-ms="3652">
    <groups>
    </groups>
    <test started-at="2020-03-31T18:06:13 PST" name="Default test" finished-at="2020-03-31T18:06:16 PST" duration-ms="3652">
      <class name="RestAssuredAPITest.RestAssuredAPITest.Demo1_GETR">
        <test-method signature="getbagyo()[pri:0, instance:RestAssuredAPITest.RestAssuredAPITest.Demo1_GETR@7b227d8d]" started-at="2020-03-31T18:06:13 PST" name="getbagyo" finished-at="2020-03-31T18:06:16 PST" duration-ms="3622" status="PASS">
          <reporter-output>
          </reporter-output>
        </test-method> <!-- getbagyo -->
      </class> <!-- RestAssuredAPITest.RestAssuredAPITest.Demo1_GETR -->
    </test> <!-- Default test -->
  </suite> <!-- Default suite -->
</testng-results>
